2016-06-29 06:34:57 Debug: duration=23 rows=10 SHOW TABLES FROM `vgmsolas`
2016-06-29 06:34:57 Debug: duration=23 rows=2 SHOW FULL COLUMNS FROM `log_transaction`
2016-06-29 06:34:57 Debug: duration=93 rows=1 SHOW INDEXES FROM `log_transaction`
2016-06-29 06:34:58 Debug: duration=997 rows=0 SELECT * FROM information_schema.key_column_usage AS kcu
            INNER JOIN information_schema.referential_constraints AS rc
            ON (
                kcu.CONSTRAINT_NAME = rc.CONSTRAINT_NAME
                AND kcu.CONSTRAINT_SCHEMA = rc.CONSTRAINT_SCHEMA
            )
            WHERE kcu.TABLE_SCHEMA = 'vgmsolas' AND kcu.TABLE_NAME = 'log_transaction' AND rc.TABLE_NAME = 'log_transaction'
2016-06-29 06:34:58 Debug: duration=11 rows=1 SHOW TABLE STATUS WHERE Name = 'log_transaction'
2016-06-29 06:34:59 Debug: duration=739 rows=3 SHOW FULL COLUMNS FROM `api`
2016-06-29 06:34:59 Debug: duration=339 rows=1 SHOW INDEXES FROM `api`
2016-06-29 06:35:00 Debug: duration=624 rows=0 SELECT * FROM information_schema.key_column_usage AS kcu
            INNER JOIN information_schema.referential_constraints AS rc
            ON (
                kcu.CONSTRAINT_NAME = rc.CONSTRAINT_NAME
                AND kcu.CONSTRAINT_SCHEMA = rc.CONSTRAINT_SCHEMA
            )
            WHERE kcu.TABLE_SCHEMA = 'vgmsolas' AND kcu.TABLE_NAME = 'api' AND rc.TABLE_NAME = 'api'
2016-06-29 06:35:00 Debug: duration=427 rows=1 SHOW TABLE STATUS WHERE Name = 'api'
2016-06-29 06:35:00 Debug: duration=152 rows=3 SHOW FULL COLUMNS FROM `lane`
2016-06-29 06:35:00 Debug: duration=61 rows=2 SHOW INDEXES FROM `lane`
2016-06-29 06:35:00 Debug: duration=22 rows=0 SELECT * FROM information_schema.key_column_usage AS kcu
            INNER JOIN information_schema.referential_constraints AS rc
            ON (
                kcu.CONSTRAINT_NAME = rc.CONSTRAINT_NAME
                AND kcu.CONSTRAINT_SCHEMA = rc.CONSTRAINT_SCHEMA
            )
            WHERE kcu.TABLE_SCHEMA = 'vgmsolas' AND kcu.TABLE_NAME = 'lane' AND rc.TABLE_NAME = 'lane'
2016-06-29 06:35:00 Debug: duration=20 rows=1 SHOW TABLE STATUS WHERE Name = 'lane'
2016-06-29 06:35:01 Debug: duration=289 rows=3 SHOW FULL COLUMNS FROM `tempgate`
2016-06-29 06:35:01 Debug: duration=38 rows=0 SHOW INDEXES FROM `tempgate`
2016-06-29 06:35:01 Debug: duration=236 rows=0 SELECT * FROM information_schema.key_column_usage AS kcu
            INNER JOIN information_schema.referential_constraints AS rc
            ON (
                kcu.CONSTRAINT_NAME = rc.CONSTRAINT_NAME
                AND kcu.CONSTRAINT_SCHEMA = rc.CONSTRAINT_SCHEMA
            )
            WHERE kcu.TABLE_SCHEMA = 'vgmsolas' AND kcu.TABLE_NAME = 'tempgate' AND rc.TABLE_NAME = 'tempgate'
2016-06-29 06:35:03 Debug: duration=2293 rows=1 SHOW TABLE STATUS WHERE Name = 'tempgate'
2016-06-29 06:35:03 Debug: duration=93 rows=5 SHOW FULL COLUMNS FROM `tempuser`
2016-06-29 06:35:03 Debug: duration=18 rows=0 SHOW INDEXES FROM `tempuser`
2016-06-29 06:35:03 Debug: duration=26 rows=0 SELECT * FROM information_schema.key_column_usage AS kcu
            INNER JOIN information_schema.referential_constraints AS rc
            ON (
                kcu.CONSTRAINT_NAME = rc.CONSTRAINT_NAME
                AND kcu.CONSTRAINT_SCHEMA = rc.CONSTRAINT_SCHEMA
            )
            WHERE kcu.TABLE_SCHEMA = 'vgmsolas' AND kcu.TABLE_NAME = 'tempuser' AND rc.TABLE_NAME = 'tempuser'
2016-06-29 06:35:03 Debug: duration=21 rows=1 SHOW TABLE STATUS WHERE Name = 'tempuser'
2016-06-29 06:35:04 Debug: duration=15 rows=3 SHOW FULL COLUMNS FROM `terminal`
2016-06-29 06:35:04 Debug: duration=549 rows=1 SHOW INDEXES FROM `terminal`
2016-06-29 06:35:04 Debug: duration=174 rows=0 SELECT * FROM information_schema.key_column_usage AS kcu
            INNER JOIN information_schema.referential_constraints AS rc
            ON (
                kcu.CONSTRAINT_NAME = rc.CONSTRAINT_NAME
                AND kcu.CONSTRAINT_SCHEMA = rc.CONSTRAINT_SCHEMA
            )
            WHERE kcu.TABLE_SCHEMA = 'vgmsolas' AND kcu.TABLE_NAME = 'terminal' AND rc.TABLE_NAME = 'terminal'
2016-06-29 06:35:04 Debug: duration=27 rows=1 SHOW TABLE STATUS WHERE Name = 'terminal'
2016-06-29 06:35:04 Debug: duration=42 rows=3 SHOW FULL COLUMNS FROM `trx_api_terminal`
2016-06-29 06:35:04 Debug: duration=19 rows=2 SHOW INDEXES FROM `trx_api_terminal`
2016-06-29 06:35:04 Debug: duration=94 rows=0 SELECT * FROM information_schema.key_column_usage AS kcu
            INNER JOIN information_schema.referential_constraints AS rc
            ON (
                kcu.CONSTRAINT_NAME = rc.CONSTRAINT_NAME
                AND kcu.CONSTRAINT_SCHEMA = rc.CONSTRAINT_SCHEMA
            )
            WHERE kcu.TABLE_SCHEMA = 'vgmsolas' AND kcu.TABLE_NAME = 'trx_api_terminal' AND rc.TABLE_NAME = 'trx_api_terminal'
2016-06-29 06:35:05 Debug: duration=50 rows=1 SHOW TABLE STATUS WHERE Name = 'trx_api_terminal'
2016-06-29 06:35:05 Debug: duration=49 rows=8 SHOW FULL COLUMNS FROM `trx_truck_terminal`
2016-06-29 06:35:05 Debug: duration=9 rows=3 SHOW INDEXES FROM `trx_truck_terminal`
2016-06-29 06:35:05 Debug: duration=114 rows=0 SELECT * FROM information_schema.key_column_usage AS kcu
            INNER JOIN information_schema.referential_constraints AS rc
            ON (
                kcu.CONSTRAINT_NAME = rc.CONSTRAINT_NAME
                AND kcu.CONSTRAINT_SCHEMA = rc.CONSTRAINT_SCHEMA
            )
            WHERE kcu.TABLE_SCHEMA = 'vgmsolas' AND kcu.TABLE_NAME = 'trx_truck_terminal' AND rc.TABLE_NAME = 'trx_truck_terminal'
2016-06-29 06:35:05 Debug: duration=104 rows=1 SHOW TABLE STATUS WHERE Name = 'trx_truck_terminal'
2016-06-29 06:35:05 Debug: duration=108 rows=2 SHOW FULL COLUMNS FROM `trx_user_terminal`
2016-06-29 06:35:05 Debug: duration=35 rows=2 SHOW INDEXES FROM `trx_user_terminal`
2016-06-29 06:35:05 Debug: duration=25 rows=0 SELECT * FROM information_schema.key_column_usage AS kcu
            INNER JOIN information_schema.referential_constraints AS rc
            ON (
                kcu.CONSTRAINT_NAME = rc.CONSTRAINT_NAME
                AND kcu.CONSTRAINT_SCHEMA = rc.CONSTRAINT_SCHEMA
            )
            WHERE kcu.TABLE_SCHEMA = 'vgmsolas' AND kcu.TABLE_NAME = 'trx_user_terminal' AND rc.TABLE_NAME = 'trx_user_terminal'
2016-06-29 06:35:05 Debug: duration=59 rows=1 SHOW TABLE STATUS WHERE Name = 'trx_user_terminal'
2016-06-29 06:35:05 Debug: duration=35 rows=7 SHOW FULL COLUMNS FROM `users`
2016-06-29 06:35:05 Debug: duration=24 rows=1 SHOW INDEXES FROM `users`
2016-06-29 06:35:05 Debug: duration=74 rows=0 SELECT * FROM information_schema.key_column_usage AS kcu
            INNER JOIN information_schema.referential_constraints AS rc
            ON (
                kcu.CONSTRAINT_NAME = rc.CONSTRAINT_NAME
                AND kcu.CONSTRAINT_SCHEMA = rc.CONSTRAINT_SCHEMA
            )
            WHERE kcu.TABLE_SCHEMA = 'vgmsolas' AND kcu.TABLE_NAME = 'users' AND rc.TABLE_NAME = 'users'
2016-06-29 06:35:05 Debug: duration=83 rows=1 SHOW TABLE STATUS WHERE Name = 'users'
2016-06-29 06:35:06 Debug: duration=84 rows=2 SHOW FULL COLUMNS FROM `log_transaction`
2016-06-29 06:35:06 Debug: duration=78 rows=1 SHOW INDEXES FROM `log_transaction`
2016-06-29 06:35:06 Debug: duration=48 rows=0 SELECT * FROM information_schema.key_column_usage AS kcu
            INNER JOIN information_schema.referential_constraints AS rc
            ON (
                kcu.CONSTRAINT_NAME = rc.CONSTRAINT_NAME
                AND kcu.CONSTRAINT_SCHEMA = rc.CONSTRAINT_SCHEMA
            )
            WHERE kcu.TABLE_SCHEMA = 'vgmsolas' AND kcu.TABLE_NAME = 'log_transaction' AND rc.TABLE_NAME = 'log_transaction'
2016-06-29 06:35:06 Debug: duration=86 rows=1 SHOW TABLE STATUS WHERE Name = 'log_transaction'
2016-06-29 06:35:58 Debug: duration=10 rows=2 SHOW FULL COLUMNS FROM `log_transaction`
2016-06-29 06:35:58 Debug: duration=14 rows=1 SHOW INDEXES FROM `log_transaction`
2016-06-29 06:35:58 Debug: duration=65 rows=0 SELECT * FROM information_schema.key_column_usage AS kcu
            INNER JOIN information_schema.referential_constraints AS rc
            ON (
                kcu.CONSTRAINT_NAME = rc.CONSTRAINT_NAME
                AND kcu.CONSTRAINT_SCHEMA = rc.CONSTRAINT_SCHEMA
            )
            WHERE kcu.TABLE_SCHEMA = 'vgmsolas' AND kcu.TABLE_NAME = 'log_transaction' AND rc.TABLE_NAME = 'log_transaction'
2016-06-29 06:35:58 Debug: duration=17 rows=1 SHOW TABLE STATUS WHERE Name = 'log_transaction'
